Build started 11/30/2014 7:39:21 PM.
     1>Project "C:\Users\Mike\Dropbox\Academia\JHU\605.467 (Computer Graphics)\LabStudent5\PhongShading\PhongShading.vcxproj" on node 2 (Build target(s)).
     1>ClCompile:
         C:\Program Files (x86)\Microsoft Visual Studio 12.0\VC\bin\CL.exe /c /I../include/ /I../ /Zi /nologo /W3 /WX- /O2 /Ob1 /Oy /D WIN32 /D NDEBUG /D _WINDOWS /D _VC80_UPGRADE=0x0710 /D _MBCS /GF /Gm- /EHsc /MT /GS /Gy /fp:precise /Zc:wchar_t /Zc:forScope /Fo"Release\\" /Fd"Release\vc120.pdb" /Gd /TP /analyze- /errorReport:prompt PhongShading.cpp
         PhongShading.cpp
     1>C:\Users\Mike\Dropbox\Academia\JHU\605.467 (Computer Graphics)\LabStudent5\ShaderSupport/GLSLShader.h(58): warning C4996: '_open': This function or variable may be unsafe. Consider using _sopen_s instead. To disable deprecation, use _CRT_SECURE_NO_WARNINGS. See online help for details.
                 C:\Program Files (x86)\Microsoft Visual Studio 12.0\VC\include\io.h(242) : see declaration of '_open'
     1>C:\Users\Mike\Dropbox\Academia\JHU\605.467 (Computer Graphics)\LabStudent5\ShaderSupport/GLSLShader.h(63): warning C4996: '_open': This function or variable may be unsafe. Consider using _sopen_s instead. To disable deprecation, use _CRT_SECURE_NO_WARNINGS. See online help for details.
                 C:\Program Files (x86)\Microsoft Visual Studio 12.0\VC\include\io.h(242) : see declaration of '_open'
     1>C:\Users\Mike\Dropbox\Academia\JHU\605.467 (Computer Graphics)\LabStudent5\ShaderSupport/GLSLShader.h(73): warning C4996: 'fopen': This function or variable may be unsafe. Consider using fopen_s instead. To disable deprecation, use _CRT_SECURE_NO_WARNINGS. See online help for details.
                 C:\Program Files (x86)\Microsoft Visual Studio 12.0\VC\include\stdio.h(211) : see declaration of 'fopen'
     1>c:\users\mike\dropbox\academia\jhu\605.467 (computer graphics)\labstudent5\phongshading\LightingShaderNode.h(65): warning C4996: 'sprintf': This function or variable may be unsafe. Consider using sprintf_s instead. To disable deprecation, use _CRT_SECURE_NO_WARNINGS. See online help for details.
                 C:\Program Files (x86)\Microsoft Visual Studio 12.0\VC\include\stdio.h(356) : see declaration of 'sprintf'
     1>c:\users\mike\dropbox\academia\jhu\605.467 (computer graphics)\labstudent5\phongshading\LightingShaderNode.h(67): warning C4996: 'sprintf': This function or variable may be unsafe. Consider using sprintf_s instead. To disable deprecation, use _CRT_SECURE_NO_WARNINGS. See online help for details.
                 C:\Program Files (x86)\Microsoft Visual Studio 12.0\VC\include\stdio.h(356) : see declaration of 'sprintf'
     1>c:\users\mike\dropbox\academia\jhu\605.467 (computer graphics)\labstudent5\phongshading\LightingShaderNode.h(69): warning C4996: 'sprintf': This function or variable may be unsafe. Consider using sprintf_s instead. To disable deprecation, use _CRT_SECURE_NO_WARNINGS. See online help for details.
                 C:\Program Files (x86)\Microsoft Visual Studio 12.0\VC\include\stdio.h(356) : see declaration of 'sprintf'
     1>c:\users\mike\dropbox\academia\jhu\605.467 (computer graphics)\labstudent5\phongshading\LightingShaderNode.h(71): warning C4996: 'sprintf': This function or variable may be unsafe. Consider using sprintf_s instead. To disable deprecation, use _CRT_SECURE_NO_WARNINGS. See online help for details.
                 C:\Program Files (x86)\Microsoft Visual Studio 12.0\VC\include\stdio.h(356) : see declaration of 'sprintf'
     1>c:\users\mike\dropbox\academia\jhu\605.467 (computer graphics)\labstudent5\phongshading\LightingShaderNode.h(73): warning C4996: 'sprintf': This function or variable may be unsafe. Consider using sprintf_s instead. To disable deprecation, use _CRT_SECURE_NO_WARNINGS. See online help for details.
                 C:\Program Files (x86)\Microsoft Visual Studio 12.0\VC\include\stdio.h(356) : see declaration of 'sprintf'
     1>c:\users\mike\dropbox\academia\jhu\605.467 (computer graphics)\labstudent5\phongshading\LightingShaderNode.h(75): warning C4996: 'sprintf': This function or variable may be unsafe. Consider using sprintf_s instead. To disable deprecation, use _CRT_SECURE_NO_WARNINGS. See online help for details.
                 C:\Program Files (x86)\Microsoft Visual Studio 12.0\VC\include\stdio.h(356) : see declaration of 'sprintf'
     1>c:\users\mike\dropbox\academia\jhu\605.467 (computer graphics)\labstudent5\phongshading\LightingShaderNode.h(77): warning C4996: 'sprintf': This function or variable may be unsafe. Consider using sprintf_s instead. To disable deprecation, use _CRT_SECURE_NO_WARNINGS. See online help for details.
                 C:\Program Files (x86)\Microsoft Visual Studio 12.0\VC\include\stdio.h(356) : see declaration of 'sprintf'
     1>c:\users\mike\dropbox\academia\jhu\605.467 (computer graphics)\labstudent5\phongshading\LightingShaderNode.h(79): warning C4996: 'sprintf': This function or variable may be unsafe. Consider using sprintf_s instead. To disable deprecation, use _CRT_SECURE_NO_WARNINGS. See online help for details.
                 C:\Program Files (x86)\Microsoft Visual Studio 12.0\VC\include\stdio.h(356) : see declaration of 'sprintf'
     1>c:\users\mike\dropbox\academia\jhu\605.467 (computer graphics)\labstudent5\phongshading\LightingShaderNode.h(81): warning C4996: 'sprintf': This function or variable may be unsafe. Consider using sprintf_s instead. To disable deprecation, use _CRT_SECURE_NO_WARNINGS. See online help for details.
                 C:\Program Files (x86)\Microsoft Visual Studio 12.0\VC\include\stdio.h(356) : see declaration of 'sprintf'
     1>c:\users\mike\dropbox\academia\jhu\605.467 (computer graphics)\labstudent5\phongshading\LightingShaderNode.h(83): warning C4996: 'sprintf': This function or variable may be unsafe. Consider using sprintf_s instead. To disable deprecation, use _CRT_SECURE_NO_WARNINGS. See online help for details.
                 C:\Program Files (x86)\Microsoft Visual Studio 12.0\VC\include\stdio.h(356) : see declaration of 'sprintf'
     1>c:\users\mike\dropbox\academia\jhu\605.467 (computer graphics)\labstudent5\phongshading\LightingShaderNode.h(85): warning C4996: 'sprintf': This function or variable may be unsafe. Consider using sprintf_s instead. To disable deprecation, use _CRT_SECURE_NO_WARNINGS. See online help for details.
                 C:\Program Files (x86)\Microsoft Visual Studio 12.0\VC\include\stdio.h(356) : see declaration of 'sprintf'
     1>c:\users\mike\dropbox\academia\jhu\605.467 (computer graphics)\labstudent5\phongshading\LightingShaderNode.h(87): warning C4996: 'sprintf': This function or variable may be unsafe. Consider using sprintf_s instead. To disable deprecation, use _CRT_SECURE_NO_WARNINGS. See online help for details.
                 C:\Program Files (x86)\Microsoft Visual Studio 12.0\VC\include\stdio.h(356) : see declaration of 'sprintf'
     1>c:\users\mike\dropbox\academia\jhu\605.467 (computer graphics)\labstudent5\phongshading\LightingShaderNode.h(133): warning C4018: '<' : signed/unsigned mismatch
     1>PhongShading.cpp(59): warning C4996: 'fopen': This function or variable may be unsafe. Consider using fopen_s instead. To disable deprecation, use _CRT_SECURE_NO_WARNINGS. See online help for details.
                 C:\Program Files (x86)\Microsoft Visual Studio 12.0\VC\include\stdio.h(211) : see declaration of 'fopen'
       Link:
         C:\Program Files (x86)\Microsoft Visual Studio 12.0\VC\bin\link.exe /ERRORREPORT:PROMPT /OUT:"Release\PhongShading.exe" /INCREMENTAL:NO /NOLOGO /LIBPATH:../lib kernel32.lib user32.lib gdi32.lib winspool.lib comdlg32.lib advapi32.lib shell32.lib ole32.lib oleaut32.lib uuid.lib odbc32.lib odbccp32.lib /MANIFEST /MANIFESTUAC:"level='asInvoker' uiAccess='false'" /manifest:embed /DEBUG /PDB:"Release\PhongShading.pdb" /SUBSYSTEM:CONSOLE /OPT:REF /OPT:ICF /TLBID:1 /DYNAMICBASE:NO /IMPLIB:"Release\PhongShading.lib" /MACHINE:X86 /SAFESEH Release\gl3w.obj
         Release\PhongShading.obj
         PhongShading.vcxproj -> C:\Users\Mike\Dropbox\Academia\JHU\605.467 (Computer Graphics)\LabStudent5\PhongShading\Release\PhongShading.exe
     1>Done Building Project "C:\Users\Mike\Dropbox\Academia\JHU\605.467 (Computer Graphics)\LabStudent5\PhongShading\PhongShading.vcxproj" (Build target(s)).

Build succeeded.

Time Elapsed 00:00:02.38
